<?xml version="1.0" encoding="UTF-8"?>
<!-- Generated by org.testng.reporters.JUnitReportReporter -->
<testsuite hostname="DESKTOP-KB0TAT2" failures="0" tests="3" name="crosss.NewTest" time="13.049" errors="0" timestamp="2023-10-16T14:07:06 IST" skipped="0">
  <testcase classname="crosss.NewTest" name="f" time="4.005"/>
  <testcase classname="crosss.NewTest" name="f" time="5.803"/>
  <testcase classname="crosss.NewTest" name="f" time="3.241"/>
</testsuite> <!-- crosss.NewTest -->
